beagle.28Sep18.793.jar (version 5.0)
Copyright (C) 2014-2018 Brian L. Browning
Enter "java -jar beagle.28Sep18.793.jar" to list command line argument
Start time: 02:26 PM EDT on 09 Oct 2020

Command line: java -Xmx512000m -jar beagle.28Sep18.793.jar
  gt=/local/workdir/mw489/NaCRRI_2020GS/data/Report-DCas20-5419/chr14_DCas20_5419.vcf.gz
  map=/local/workdir/mw489/NaCRRI_2020GS/data/CassavaGeneticMap/chr14_cassava_cM_pred.v6_91019.map
  ref=/local/workdir/mw489/NaCRRI_2020GS/data/chr14_ImputationReferencePanel_EMBRAPA_Phased_102619.vcf.gz
  out=/local/workdir/mw489/NaCRRI_2020GS/output/chr14_DCas20_5419_LA_REFimputed
  nthreads=112
  impute=TRUE
  ne=1e+05

Reference samples:       4,101
Study samples:           2,043

Window 1 (14:17268-7734637)
Reference markers:       1,698
Study markers:              94

Burnin  iteration 1:           3 seconds
Burnin  iteration 2:           0 seconds
Burnin  iteration 3:           0 seconds
Burnin  iteration 4:           0 seconds
Burnin  iteration 5:           1 second
Burnin  iteration 6:           0 seconds

Phasing iteration 1:           0 seconds
Phasing iteration 2:           0 seconds
Phasing iteration 3:           0 seconds
Phasing iteration 4:           0 seconds
Phasing iteration 5:           0 seconds
Phasing iteration 6:           0 seconds
Phasing iteration 7:           0 seconds
Phasing iteration 8:           0 seconds
Phasing iteration 9:           0 seconds
Phasing iteration 10:          0 seconds
Phasing iteration 11:          0 seconds
Phasing iteration 12:          0 seconds

Imputation time:               6 seconds

Window 2 (14:7552228-16070333)
Reference markers:       1,428
Study markers:              82

Burnin  iteration 1:           1 second
Burnin  iteration 2:           0 seconds
Burnin  iteration 3:           0 seconds
Burnin  iteration 4:           0 seconds
Burnin  iteration 5:           0 seconds
Burnin  iteration 6:           0 seconds

Phasing iteration 1:           0 seconds
Phasing iteration 2:           0 seconds
Phasing iteration 3:           0 seconds
Phasing iteration 4:           0 seconds
Phasing iteration 5:           0 seconds
Phasing iteration 6:           0 seconds
Phasing iteration 7:           0 seconds
Phasing iteration 8:           0 seconds
Phasing iteration 9:           0 seconds
Phasing iteration 10:          0 seconds
Phasing iteration 11:          0 seconds
Phasing iteration 12:          0 seconds

Imputation time:               2 seconds

Window 3 (14:15462948-23530994)
Reference markers:         608
Study markers:              15

Burnin  iteration 1:           0 seconds
Burnin  iteration 2:           0 seconds
Burnin  iteration 3:           0 seconds
Burnin  iteration 4:           0 seconds
Burnin  iteration 5:           0 seconds
Burnin  iteration 6:           0 seconds

Phasing iteration 1:           0 seconds
Phasing iteration 2:           0 seconds
Phasing iteration 3:           0 seconds
Phasing iteration 4:           0 seconds
Phasing iteration 5:           0 seconds
Phasing iteration 6:           0 seconds
Phasing iteration 7:           0 seconds
Phasing iteration 8:           0 seconds
Phasing iteration 9:           0 seconds
Phasing iteration 10:          0 seconds
Phasing iteration 11:          0 seconds
Phasing iteration 12:          0 seconds

Imputation time:               1 second

Window 4 (14:22607415-24843065)
Reference markers:         226
Study markers:              14

Burnin  iteration 1:           0 seconds
Burnin  iteration 2:           0 seconds
Burnin  iteration 3:           0 seconds
Burnin  iteration 4:           0 seconds
Burnin  iteration 5:           0 seconds
Burnin  iteration 6:           0 seconds

Phasing iteration 1:           0 seconds
Phasing iteration 2:           0 seconds
Phasing iteration 3:           0 seconds
Phasing iteration 4:           0 seconds
Phasing iteration 5:           0 seconds
Phasing iteration 6:           0 seconds
Phasing iteration 7:           0 seconds
Phasing iteration 8:           0 seconds
Phasing iteration 9:           0 seconds
Phasing iteration 10:          0 seconds
Phasing iteration 11:          0 seconds
Phasing iteration 12:          0 seconds

Imputation time:               0 seconds

Cumulative Statistics:

Reference markers:       3,793
Study markers:             199

Haplotype phasing time:        9 seconds
Imputation time:               0 seconds
Total time:                    20 seconds

End time: 02:26 PM EDT on 09 Oct 2020
beagle.28Sep18.793.jar finished
