beagle.28Sep18.793.jar (version 5.0)
Copyright (C) 2014-2018 Brian L. Browning
Enter "java -jar beagle.28Sep18.793.jar" to list command line argument
Start time: 02:22 PM EDT on 09 Oct 2020

Command line: java -Xmx512000m -jar beagle.28Sep18.793.jar
  gt=/local/workdir/mw489/NaCRRI_2020GS/data/Report-DCas20-5419/chr3_DCas20_5419.vcf.gz
  map=/local/workdir/mw489/NaCRRI_2020GS/data/CassavaGeneticMap/chr3_cassava_cM_pred.v6_91019.map
  ref=/local/workdir/mw489/NaCRRI_2020GS/data/chr3_ImputationReferencePanel_EMBRAPA_Phased_102619.vcf.gz
  out=/local/workdir/mw489/NaCRRI_2020GS/output/chr3_DCas20_5419_LA_REFimputed
  nthreads=112
  impute=TRUE
  ne=1e+05

Reference samples:       4,101
Study samples:           2,043

Window 1 (3:22254-6536594)
Reference markers:       1,201
Study markers:              72

Burnin  iteration 1:           1 second
Burnin  iteration 2:           0 seconds
Burnin  iteration 3:           0 seconds
Burnin  iteration 4:           0 seconds
Burnin  iteration 5:           1 second
Burnin  iteration 6:           0 seconds

Phasing iteration 1:           0 seconds
Phasing iteration 2:           0 seconds
Phasing iteration 3:           0 seconds
Phasing iteration 4:           0 seconds
Phasing iteration 5:           0 seconds
Phasing iteration 6:           0 seconds
Phasing iteration 7:           0 seconds
Phasing iteration 8:           0 seconds
Phasing iteration 9:           0 seconds
Phasing iteration 10:          0 seconds
Phasing iteration 11:          0 seconds
Phasing iteration 12:          0 seconds

Imputation time:               7 seconds

Window 2 (3:6037002-17949104)
Reference markers:         707
Study markers:              31

Burnin  iteration 1:           0 seconds
Burnin  iteration 2:           0 seconds
Burnin  iteration 3:           0 seconds
Burnin  iteration 4:           0 seconds
Burnin  iteration 5:           0 seconds
Burnin  iteration 6:           0 seconds

Phasing iteration 1:           0 seconds
Phasing iteration 2:           0 seconds
Phasing iteration 3:           0 seconds
Phasing iteration 4:           0 seconds
Phasing iteration 5:           0 seconds
Phasing iteration 6:           0 seconds
Phasing iteration 7:           0 seconds
Phasing iteration 8:           0 seconds
Phasing iteration 9:           0 seconds
Phasing iteration 10:          0 seconds
Phasing iteration 11:          0 seconds
Phasing iteration 12:          0 seconds

Imputation time:               3 seconds

Window 3 (3:17161020-24432727)
Reference markers:       1,053
Study markers:              64

Burnin  iteration 1:           0 seconds
Burnin  iteration 2:           0 seconds
Burnin  iteration 3:           0 seconds
Burnin  iteration 4:           0 seconds
Burnin  iteration 5:           0 seconds
Burnin  iteration 6:           0 seconds

Phasing iteration 1:           0 seconds
Phasing iteration 2:           0 seconds
Phasing iteration 3:           0 seconds
Phasing iteration 4:           0 seconds
Phasing iteration 5:           0 seconds
Phasing iteration 6:           0 seconds
Phasing iteration 7:           0 seconds
Phasing iteration 8:           0 seconds
Phasing iteration 9:           0 seconds
Phasing iteration 10:          0 seconds
Phasing iteration 11:          0 seconds
Phasing iteration 12:          0 seconds

Imputation time:               1 second

Window 4 (3:24320896-28047204)
Reference markers:         965
Study markers:              73

Burnin  iteration 1:           1 second
Burnin  iteration 2:           0 seconds
Burnin  iteration 3:           0 seconds
Burnin  iteration 4:           0 seconds
Burnin  iteration 5:           0 seconds
Burnin  iteration 6:           0 seconds

Phasing iteration 1:           0 seconds
Phasing iteration 2:           0 seconds
Phasing iteration 3:           0 seconds
Phasing iteration 4:           0 seconds
Phasing iteration 5:           0 seconds
Phasing iteration 6:           0 seconds
Phasing iteration 7:           0 seconds
Phasing iteration 8:           0 seconds
Phasing iteration 9:           0 seconds
Phasing iteration 10:          0 seconds
Phasing iteration 11:          0 seconds
Phasing iteration 12:          0 seconds

Imputation time:               2 seconds

Window 5 (3:27231229-29017332)
Reference markers:         388
Study markers:              34

Burnin  iteration 1:           0 seconds
Burnin  iteration 2:           0 seconds
Burnin  iteration 3:           0 seconds
Burnin  iteration 4:           0 seconds
Burnin  iteration 5:           0 seconds
Burnin  iteration 6:           0 seconds

Phasing iteration 1:           0 seconds
Phasing iteration 2:           0 seconds
Phasing iteration 3:           0 seconds
Phasing iteration 4:           0 seconds
Phasing iteration 5:           0 seconds
Phasing iteration 6:           0 seconds
Phasing iteration 7:           0 seconds
Phasing iteration 8:           0 seconds
Phasing iteration 9:           0 seconds
Phasing iteration 10:          0 seconds
Phasing iteration 11:          0 seconds
Phasing iteration 12:          0 seconds

Imputation time:               0 seconds

Window 6 (3:28904550-29405840)
Reference markers:          66
Study markers:               3

Burnin  iteration 1:           0 seconds
Burnin  iteration 2:           0 seconds
Burnin  iteration 3:           0 seconds
Burnin  iteration 4:           0 seconds
Burnin  iteration 5:           0 seconds
Burnin  iteration 6:           0 seconds

Phasing iteration 1:           0 seconds
Phasing iteration 2:           0 seconds
Phasing iteration 3:           0 seconds
Phasing iteration 4:           0 seconds
Phasing iteration 5:           0 seconds
Phasing iteration 6:           0 seconds
Phasing iteration 7:           0 seconds
Phasing iteration 8:           0 seconds
Phasing iteration 9:           0 seconds
Phasing iteration 10:          0 seconds
Phasing iteration 11:          0 seconds
Phasing iteration 12:          0 seconds

Imputation time:               0 seconds

Cumulative Statistics:

Reference markers:       4,035
Study markers:             242

Haplotype phasing time:        9 seconds
Imputation time:               0 seconds
Total time:                    26 seconds

End time: 02:23 PM EDT on 09 Oct 2020
beagle.28Sep18.793.jar finished
