beagle.28Sep18.793.jar (version 5.0)
Copyright (C) 2014-2018 Brian L. Browning
Enter "java -jar beagle.28Sep18.793.jar" to list command line argument
Start time: 04:29 PM EDT on 08 Oct 2020

Command line: java -Xmx512000m -jar beagle.28Sep18.793.jar
  gt=/local/workdir/mw489/NaCRRI_2020GS/data/Report-DCas20-5419/chr4_DCas20_5419.vcf.gz
  map=/local/workdir/mw489/NaCRRI_2020GS/data/CassavaGeneticMap/chr4_cassava_cM_pred.v6_91019.map
  ref=/local/workdir/mw489/NaCRRI_2020GS/data/chr4_ImputationReferencePanel_StageVI_91119.vcf.gz
  out=/local/workdir/mw489/NaCRRI_2020GS/output/chr4_DCas20_5419_EA_REFimputed
  nthreads=112
  impute=TRUE
  ne=1e+05

Reference samples:      15,015
Study samples:           2,043

Window 1 (4:244152-4180546)
Reference markers:         476
Study markers:              17

Burnin  iteration 1:           1 second
Burnin  iteration 2:           0 seconds
Burnin  iteration 3:           0 seconds
Burnin  iteration 4:           0 seconds
Burnin  iteration 5:           1 second
Burnin  iteration 6:           0 seconds

Phasing iteration 1:           0 seconds
Phasing iteration 2:           0 seconds
Phasing iteration 3:           0 seconds
Phasing iteration 4:           0 seconds
Phasing iteration 5:           0 seconds
Phasing iteration 6:           0 seconds
Phasing iteration 7:           0 seconds
Phasing iteration 8:           0 seconds
Phasing iteration 9:           0 seconds
Phasing iteration 10:          0 seconds
Phasing iteration 11:          0 seconds
Phasing iteration 12:          0 seconds

Imputation time:               3 seconds

Window 2 (4:3519133-23176363)
Reference markers:       1,564
Study markers:              62

Burnin  iteration 1:           0 seconds
Burnin  iteration 2:           0 seconds
Burnin  iteration 3:           0 seconds
Burnin  iteration 4:           0 seconds
Burnin  iteration 5:           0 seconds
Burnin  iteration 6:           0 seconds

Phasing iteration 1:           0 seconds
Phasing iteration 2:           0 seconds
Phasing iteration 3:           0 seconds
Phasing iteration 4:           0 seconds
Phasing iteration 5:           0 seconds
Phasing iteration 6:           0 seconds
Phasing iteration 7:           0 seconds
Phasing iteration 8:           0 seconds
Phasing iteration 9:           0 seconds
Phasing iteration 10:          0 seconds
Phasing iteration 11:          0 seconds
Phasing iteration 12:          0 seconds

Imputation time:               2 seconds

Window 3 (4:19129425-26210711)
Reference markers:       1,698
Study markers:              88

Burnin  iteration 1:           0 seconds
Burnin  iteration 2:           0 seconds
Burnin  iteration 3:           0 seconds
Burnin  iteration 4:           0 seconds
Burnin  iteration 5:           0 seconds
Burnin  iteration 6:           0 seconds

Phasing iteration 1:           0 seconds
Phasing iteration 2:           0 seconds
Phasing iteration 3:           0 seconds
Phasing iteration 4:           0 seconds
Phasing iteration 5:           0 seconds
Phasing iteration 6:           0 seconds
Phasing iteration 7:           0 seconds
Phasing iteration 8:           0 seconds
Phasing iteration 9:           0 seconds
Phasing iteration 10:          0 seconds
Phasing iteration 11:          0 seconds
Phasing iteration 12:          0 seconds

Imputation time:               1 second

Window 4 (4:26031960-27286022)
Reference markers:         617
Study markers:              30

Burnin  iteration 1:           0 seconds
Burnin  iteration 2:           0 seconds
Burnin  iteration 3:           0 seconds
Burnin  iteration 4:           0 seconds
Burnin  iteration 5:           0 seconds
Burnin  iteration 6:           0 seconds

Phasing iteration 1:           0 seconds
Phasing iteration 2:           0 seconds
Phasing iteration 3:           0 seconds
Phasing iteration 4:           0 seconds
Phasing iteration 5:           0 seconds
Phasing iteration 6:           0 seconds
Phasing iteration 7:           0 seconds
Phasing iteration 8:           0 seconds
Phasing iteration 9:           0 seconds
Phasing iteration 10:          0 seconds
Phasing iteration 11:          0 seconds
Phasing iteration 12:          0 seconds

Imputation time:               0 seconds

Cumulative Statistics:

Reference markers:       3,422
Study markers:             157

Haplotype phasing time:        8 seconds
Imputation time:               0 seconds
Total time:                    18 seconds

End time: 04:30 PM EDT on 08 Oct 2020
beagle.28Sep18.793.jar finished
