beagle.28Sep18.793.jar (version 5.0)
Copyright (C) 2014-2018 Brian L. Browning
Enter "java -jar beagle.28Sep18.793.jar" to list command line argument
Start time: 02:23 PM EDT on 09 Oct 2020

Command line: java -Xmx512000m -jar beagle.28Sep18.793.jar
  gt=/local/workdir/mw489/NaCRRI_2020GS/data/Report-DCas20-5419/chr5_DCas20_5419.vcf.gz
  map=/local/workdir/mw489/NaCRRI_2020GS/data/CassavaGeneticMap/chr5_cassava_cM_pred.v6_91019.map
  ref=/local/workdir/mw489/NaCRRI_2020GS/data/chr5_ImputationReferencePanel_EMBRAPA_Phased_102619.vcf.gz
  out=/local/workdir/mw489/NaCRRI_2020GS/output/chr5_DCas20_5419_LA_REFimputed
  nthreads=112
  impute=TRUE
  ne=1e+05

Reference samples:       4,101
Study samples:           2,043

Window 1 (5:72125-7974159)
Reference markers:       2,017
Study markers:             112

Burnin  iteration 1:           2 seconds
Burnin  iteration 2:           0 seconds
Burnin  iteration 3:           1 second
Burnin  iteration 4:           1 second
Burnin  iteration 5:           1 second
Burnin  iteration 6:           0 seconds

Phasing iteration 1:           0 seconds
Phasing iteration 2:           0 seconds
Phasing iteration 3:           0 seconds
Phasing iteration 4:           0 seconds
Phasing iteration 5:           0 seconds
Phasing iteration 6:           0 seconds
Phasing iteration 7:           0 seconds
Phasing iteration 8:           0 seconds
Phasing iteration 9:           0 seconds
Phasing iteration 10:          0 seconds
Phasing iteration 11:          0 seconds
Phasing iteration 12:          0 seconds

Imputation time:               7 seconds

Window 2 (5:7751686-21780666)
Reference markers:       1,160
Study markers:              57

Burnin  iteration 1:           1 second
Burnin  iteration 2:           0 seconds
Burnin  iteration 3:           0 seconds
Burnin  iteration 4:           0 seconds
Burnin  iteration 5:           0 seconds
Burnin  iteration 6:           0 seconds

Phasing iteration 1:           0 seconds
Phasing iteration 2:           0 seconds
Phasing iteration 3:           0 seconds
Phasing iteration 4:           0 seconds
Phasing iteration 5:           0 seconds
Phasing iteration 6:           0 seconds
Phasing iteration 7:           0 seconds
Phasing iteration 8:           0 seconds
Phasing iteration 9:           0 seconds
Phasing iteration 10:          0 seconds
Phasing iteration 11:          0 seconds
Phasing iteration 12:          0 seconds

Imputation time:               2 seconds

Window 3 (5:21284357-24241891)
Reference markers:         392
Study markers:              25

Burnin  iteration 1:           0 seconds
Burnin  iteration 2:           0 seconds
Burnin  iteration 3:           0 seconds
Burnin  iteration 4:           0 seconds
Burnin  iteration 5:           0 seconds
Burnin  iteration 6:           0 seconds

Phasing iteration 1:           0 seconds
Phasing iteration 2:           0 seconds
Phasing iteration 3:           0 seconds
Phasing iteration 4:           0 seconds
Phasing iteration 5:           0 seconds
Phasing iteration 6:           0 seconds
Phasing iteration 7:           0 seconds
Phasing iteration 8:           0 seconds
Phasing iteration 9:           0 seconds
Phasing iteration 10:          0 seconds
Phasing iteration 11:          0 seconds
Phasing iteration 12:          0 seconds

Imputation time:               1 second

Window 4 (5:23812992-28335874)
Reference markers:         731
Study markers:              64

Burnin  iteration 1:           0 seconds
Burnin  iteration 2:           0 seconds
Burnin  iteration 3:           0 seconds
Burnin  iteration 4:           0 seconds
Burnin  iteration 5:           0 seconds
Burnin  iteration 6:           0 seconds

Phasing iteration 1:           0 seconds
Phasing iteration 2:           0 seconds
Phasing iteration 3:           0 seconds
Phasing iteration 4:           0 seconds
Phasing iteration 5:           0 seconds
Phasing iteration 6:           0 seconds
Phasing iteration 7:           0 seconds
Phasing iteration 8:           0 seconds
Phasing iteration 9:           0 seconds
Phasing iteration 10:          0 seconds
Phasing iteration 11:          0 seconds
Phasing iteration 12:          0 seconds

Imputation time:               1 second

Cumulative Statistics:

Reference markers:       4,131
Study markers:             253

Haplotype phasing time:        10 seconds
Imputation time:               1 second
Total time:                    24 seconds

End time: 02:23 PM EDT on 09 Oct 2020
beagle.28Sep18.793.jar finished
